<?xml version="1.0" encoding="UTF-8"?>
<!-- Generated by org.testng.reporters.JUnitReportReporter -->
<testsuite hostname="DESKTOP-PMTAGIE" failures="0" tests="1" name="DEMO1.test1" time="0.002" errors="0" timestamp="2023-02-04T03:38:42 PST" skipped="0">
  <testcase classname="DEMO1.test1" name="test1method1" time="0.002"/>
  <system-out/>
</testsuite> <!-- DEMO1.test1 -->
